<?xml version="1.0" encoding="UTF-8"?>
<!-- Generated by org.testng.reporters.JUnitXMLReporter -->
<testsuite hostname="DESKTOP-OLH669A" failures="0" tests="3" name="com.hrms.testscript" time="78.237" errors="0" timestamp="27 Aug 2022 18:14:04 GMT">
  <testcase classname="com.hrms.testscript.TC001" name="tc001" time="41.046"/>
  <testcase classname="com.hrms.testscript.TC002" name="tc002" time="19.18"/>
  <testcase classname="com.hrms.testscript.TC003" name="tc003" time="17.979"/>
</testsuite> <!-- com.hrms.testscript -->
