<?xml version="1.0" encoding="UTF-8"?>
<testng-results total="3" passed="3" failed="0" skipped="0">
  <reporter-output>
    <line>
      <![CDATA[application opened]]>
    </line>
    <line>
      <![CDATA[login completed]]>
    </line>
    <line>
      <![CDATA[logout completed]]>
    </line>
    <line>
      <![CDATA[Application closed]]>
    </line>
    <line>
      <![CDATA[application opened]]>
    </line>
    <line>
      <![CDATA[login completed]]>
    </line>
    <line>
      <![CDATA[entered into frame]]>
    </line>
    <line>
      <![CDATA[employee added]]>
    </line>
    <line>
      <![CDATA[Exit from frame]]>
    </line>
    <line>
      <![CDATA[logout completed]]>
    </line>
    <line>
      <![CDATA[Application closed]]>
    </line>
    <line>
      <![CDATA[application opened]]>
    </line>
    <line>
      <![CDATA[login completed]]>
    </line>
    <line>
      <![CDATA[entered into frame]]>
    </line>
    <line>
      <![CDATA[clicked one employee name]]>
    </line>
    <line>
      <![CDATA[edit btn clicked]]>
    </line>
    <line>
      <![CDATA[emploee name cleared]]>
    </line>
    <line>
      <![CDATA[new name entered]]>
    </line>
    <line>
      <![CDATA[clicked on save button]]>
    </line>
    <line>
      <![CDATA[Exit from frame]]>
    </line>
    <line>
      <![CDATA[logout completed]]>
    </line>
    <line>
      <![CDATA[Application closed]]>
    </line>
  </reporter-output>
  <suite started-at="2022-08-27T18:12:46Z" name="Batch20 by packages" finished-at="2022-08-27T18:14:04Z" duration-ms="78237">
    <groups>
    </groups>
    <test started-at="2022-08-27T18:12:46Z" name="com.hrms.testscript" finished-at="2022-08-27T18:14:04Z" duration-ms="78237">
      <class name="com.hrms.testscript.TC001">
        <test-method signature="tc001()[pri:0, instance:com.hrms.testscript.TC001@95e33cc]" started-at="2022-08-27T23:42:46Z" name="tc001" finished-at="2022-08-27T23:43:27Z" duration-ms="41046" status="PASS">
          <reporter-output>
            <line>
              <![CDATA[application opened]]>
            </line>
            <line>
              <![CDATA[login completed]]>
            </line>
            <line>
              <![CDATA[logout completed]]>
            </line>
            <line>
              <![CDATA[Application closed]]>
            </line>
          </reporter-output>
        </test-method> <!-- tc001 -->
      </class> <!-- com.hrms.testscript.TC001 -->
      <class name="com.hrms.testscript.TC002">
        <test-method signature="tc002()[pri:0, instance:com.hrms.testscript.TC002@3f57bcad]" started-at="2022-08-27T23:43:27Z" name="tc002" finished-at="2022-08-27T23:43:46Z" duration-ms="19180" status="PASS">
          <reporter-output>
            <line>
              <![CDATA[application opened]]>
            </line>
            <line>
              <![CDATA[login completed]]>
            </line>
            <line>
              <![CDATA[entered into frame]]>
            </line>
            <line>
              <![CDATA[employee added]]>
            </line>
            <line>
              <![CDATA[Exit from frame]]>
            </line>
            <line>
              <![CDATA[logout completed]]>
            </line>
            <line>
              <![CDATA[Application closed]]>
            </line>
          </reporter-output>
        </test-method> <!-- tc002 -->
      </class> <!-- com.hrms.testscript.TC002 -->
      <class name="com.hrms.testscript.TC003">
        <test-method signature="tc003()[pri:0, instance:com.hrms.testscript.TC003@50de186c]" started-at="2022-08-27T23:43:46Z" name="tc003" finished-at="2022-08-27T23:44:04Z" duration-ms="17979" status="PASS">
          <reporter-output>
            <line>
              <![CDATA[application opened]]>
            </line>
            <line>
              <![CDATA[login completed]]>
            </line>
            <line>
              <![CDATA[entered into frame]]>
            </line>
            <line>
              <![CDATA[clicked one employee name]]>
            </line>
            <line>
              <![CDATA[edit btn clicked]]>
            </line>
            <line>
              <![CDATA[emploee name cleared]]>
            </line>
            <line>
              <![CDATA[new name entered]]>
            </line>
            <line>
              <![CDATA[clicked on save button]]>
            </line>
            <line>
              <![CDATA[Exit from frame]]>
            </line>
            <line>
              <![CDATA[logout completed]]>
            </line>
            <line>
              <![CDATA[Application closed]]>
            </line>
          </reporter-output>
        </test-method> <!-- tc003 -->
      </class> <!-- com.hrms.testscript.TC003 -->
    </test> <!-- com.hrms.testscript -->
  </suite> <!-- Batch20 by packages -->
</testng-results>
